Watching for file changes with StatReloader
Performing system checks...

System check identified some issues:

WARNINGS:
todos.Todo: (models.W042) Auto-created primary key used when not defining a primary key type, by default 'django.db.models.AutoField'.
	HINT: Configure the DEFAULT_AUTO_FIELD setting or the TodosConfig.default_auto_field attribute to point to a subclass of AutoField, e.g. 'django.db.models.BigAutoField'.

System check identified 1 issue (0 silenced).
December 08, 2022 - 11:34:24
Django version 4.1.4, using settings 'todoApp.settings'
Starting development server at http://0.0.0.0:8000/
Quit the server with CONTROL-C.
[08/Dec/2022 11:34:56] "GET /todos/ HTTP/1.1" 200 4104
[08/Dec/2022 11:36:28] "GET / HTTP/1.1" 302 0
[08/Dec/2022 11:36:29] "GET /todos HTTP/1.1" 301 0
[08/Dec/2022 11:36:29] "GET /todos/ HTTP/1.1" 200 4104
[08/Dec/2022 11:36:29] "GET /static/css/style.css HTTP/1.1" 200 225
Not Found: /favicon.ico
[08/Dec/2022 11:36:32] "GET /favicon.ico HTTP/1.1" 404 2574
[08/Dec/2022 11:36:34] "POST /todos/22/update HTTP/1.1" 302 0
[08/Dec/2022 11:36:34] "GET /todos/ HTTP/1.1" 200 4141
[08/Dec/2022 11:36:35] "POST /todos/3/update HTTP/1.1" 302 0
[08/Dec/2022 11:36:36] "GET /todos/ HTTP/1.1" 200 4178
[08/Dec/2022 11:36:37] "POST /todos/2/update HTTP/1.1" 302 0
[08/Dec/2022 11:36:37] "GET /todos/ HTTP/1.1" 200 4215
[08/Dec/2022 11:37:45,710] - Broken pipe from ('103.165.169.34', 39810)
[08/Dec/2022 11:37:45,715] - Broken pipe from ('103.165.169.34', 39812)
Watching for file changes with StatReloader
Performing system checks...

System check identified some issues:

WARNINGS:
todos.Todo: (models.W042) Auto-created primary key used when not defining a primary key type, by default 'django.db.models.AutoField'.
	HINT: Configure the DEFAULT_AUTO_FIELD setting or the TodosConfig.default_auto_field attribute to point to a subclass of AutoField, e.g. 'django.db.models.BigAutoField'.

System check identified 1 issue (0 silenced).
December 08, 2022 - 11:40:09
Django version 4.1.4, using settings 'todoApp.settings'
Starting development server at http://0.0.0.0:8000/
Quit the server with CONTROL-C.
[08/Dec/2022 11:40:21] "GET /todos/ HTTP/1.1" 200 4215
[08/Dec/2022 11:40:21] "GET /static/css/style.css HTTP/1.1" 304 0
[08/Dec/2022 11:50:13] code 400, message Bad request syntax ('nil')
[08/Dec/2022 11:50:13] "nil" 400 -
[08/Dec/2022 11:50:13] "GET / HTTP/1.0" 302 0
[08/Dec/2022 11:50:14] "GET / HTTP/1.1" 302 0
Not Found: /robots.txt
[08/Dec/2022 11:50:14] "GET /robots.txt HTTP/1.1" 404 2571
Not Found: /sitemap.xml
[08/Dec/2022 11:50:14] "GET /sitemap.xml HTTP/1.1" 404 2574
[08/Dec/2022 11:50:14] "GET /todos HTTP/1.1" 301 0
Not Found: /robots.txt
[08/Dec/2022 11:50:14] "GET /robots.txt HTTP/1.1" 404 2571
Not Found: /sitemap.xml
[08/Dec/2022 11:50:14] "GET /sitemap.xml HTTP/1.1" 404 2574
[08/Dec/2022 11:50:15] "GET /todos/ HTTP/1.1" 200 4215
Not Found: /sitemap.xml
[08/Dec/2022 11:50:15] "GET /sitemap.xml HTTP/1.1" 404 2574
Not Found: /robots.txt
[08/Dec/2022 11:50:15] "GET /robots.txt HTTP/1.1" 404 2571
[08/Dec/2022 11:57:01] "GET /todos/ HTTP/1.1" 200 4215
[08/Dec/2022 11:57:01] "GET /static/css/style.css HTTP/1.1" 304 0
[08/Dec/2022 13:01:43] "GET /static/css/style.css HTTP/1.1" 304 0
